RetinaBridge/android/app/build/intermediates/manifest_merge_blame_file/debug/processDebugMainManifest/manifest-merger-blame-debug-report.txt
1<?xml version="1.0" encoding="utf-8"?>
2<manifest xmlns:android="http://schemas.android.com/apk/res/android"
3    package="com.retinabridge.app"
4    android:versionCode="1"
5    android:versionName="1.0" >
6
7    <uses-sdk
8        android:minSdkVersion="26"
9        android:targetSdkVersion="35" />
10
11    <uses-permission android:name="android.permission.INTERNET" />
11-->src\main\AndroidManifest.xml:2:5-67
11-->src\main\AndroidManifest.xml:2:22-64
12
13    <application
13-->src\main\AndroidManifest.xml:3:5-18:19
14        android:allowBackup="false"
14-->src\main\AndroidManifest.xml:7:9-36
15        android:debuggable="true"
16        android:extractNativeLibs="false"
17        android:label="RetinaBridge"
17-->src\main\AndroidManifest.xml:5:9-37
18        android:supportsRtl="true"
18-->src\main\AndroidManifest.xml:8:9-35
19        android:testOnly="true"
20        android:theme="@style/AppTheme"
20-->src\main\AndroidManifest.xml:4:9-40
21        android:usesCleartextTraffic="true" >
21-->src\main\AndroidManifest.xml:6:9-44
22        <activity
22-->src\main\AndroidManifest.xml:9:9-17:20
23            android:name="com.retinabridge.app.MainActivity"
23-->src\main\AndroidManifest.xml:10:13-41
24            android:exported="true"
24-->src\main\AndroidManifest.xml:12:13-36
25            android:screenOrientation="portrait" >
25-->src\main\AndroidManifest.xml:11:13-49
26            <intent-filter>
26-->src\main\AndroidManifest.xml:13:13-16:29
27                <action android:name="android.intent.action.MAIN" />
27-->src\main\AndroidManifest.xml:14:17-69
27-->src\main\AndroidManifest.xml:14:25-66
28
29                <category android:name="android.intent.category.LAUNCHER" />
29-->src\main\AndroidManifest.xml:15:17-77
29-->src\main\AndroidManifest.xml:15:27-74
30            </intent-filter>
31        </activity>
32    </application>
33
34</manifest>